Arguments: 
  C:\Program Files\nodejs\node.exe C:\Program Files (x86)\Yarn\bin\yarn.js add graphql

PATH: 
  C:\Windows\system32;C:\Windows;C:\Windows\System32\Wbem;C:\Windows\System32\WindowsPowerShell\v1.0\;C:\Windows\System32\OpenSSH\;C:\HashiCorp\Vagrant\bin;C:\Program Files\nodejs\;C:\Program Files (x86)\Yarn\bin\;C:\Users\BAKKAYA\AppData\Local\Microsoft\WindowsApps;C:\Users\BAKKAYA\AppData\Local\Programs\Microsoft VS Code\bin;C:\Users\BAKKAYA\AppData\Local\Programs\Git\cmd;C:\Users\BAKKAYA\AppData\Roaming\npm;C:\Users\BAKKAYA\AppData\Local\Yarn\bin

Yarn version: 
  1.22.5

Node version: 
  15.13.0

Platform: 
  win32 x64

Trace: 
  Error: self signed certificate in certificate chain
      at TLSSocket.onConnectSecure (node:_tls_wrap:1531:34)
      at TLSSocket.emit (node:events:369:20)
      at TLSSocket._finishInit (node:_tls_wrap:945:8)
      at TLSWrap.ssl.onhandshakedone (node:_tls_wrap:719:12)

npm manifest: 
  {
    "name": "gedik-asset-manager",
    "version": "1.0.0",
    "description": "",
    "main": "index.js",
    "scripts": {
      "test": "echo \"Error: no test specified\" && exit 1"
    },
    "author": "",
    "license": "ISC"
  }

yarn manifest: 
  No manifest

Lockfile: 
  # THIS IS AN AUTOGENERATED FILE. DO NOT EDIT THIS FILE DIRECTLY.
  # yarn lockfile v1
